1507289412014:help
1507289419365:quit
1507290281606:help
1507290291506:version
1507291723483:help
1507291726979:version
1507291731114:exit
1507291746060:version
1507291751770:exit
1507916317407:help
1507916334851:do-bookmakers
1509358997476:help
1509359008386:do-bookmakers
1509359140265:quit
1509359786557:so-bookmakers
1509359792363:do-bookmakers
1509359934580:quit
1509359978205:do-bookmakers
1509460788881:help
1509460801145:read-file-from-jar
1509460817407:quit
1509620513701:do-bookmakers
1510053119884:quit
1510157385182:help
1510157397093:read-file-from-jar
1510157543936:quit
1510158052838:help
1510158061716:read-file-from-jar
1510158291767:quit
1510158433379:help
1510158443160:read-file-from-jar
1510423609987:do-bookmakers
1510570178367:help
1510570195470:export-to-oddsbrowser
1510743273463:help
1510743282890:read-file-from-jar
1510743296536:do-bookmakers
1510743711916:quit
